<?xml version="1.0" encoding="UTF-8"?>
<!-- Generated by org.testng.reporters.JUnitReportReporter -->
<testsuite hostname="Vikashs-MacBook-Air.local" failures="0" tests="7" name="pomCRM.testcases.CreateContactsPageTest" time="250.113" errors="0" timestamp="2021-02-04T18:26:09 IST" skipped="0">
  <testcase classname="pomCRM.testcases.CreateContactsPageTest" name="CreateNewContactsTest" time="16.984"/>
  <system-out/>
  <testcase classname="pomCRM.testcases.CreateContactsPageTest" name="ConatctsPageTitleTest" time="18.419"/>
  <system-out/>
  <testcase classname="pomCRM.testcases.CreateContactsPageTest" name="ValidateCreateNewContacts" time="41.111"/>
  <system-out/>
  <testcase classname="pomCRM.testcases.CreateContactsPageTest" name="ValidateCreateNewContacts" time="47.117"/>
  <system-out/>
  <testcase classname="pomCRM.testcases.CreateContactsPageTest" name="ValidateCreateNewContacts" time="41.715"/>
  <system-out/>
  <testcase classname="pomCRM.testcases.CreateContactsPageTest" name="ValidateCreateNewContacts" time="41.368"/>
  <system-out/>
  <testcase classname="pomCRM.testcases.CreateContactsPageTest" name="ValidateCreateNewContacts" time="43.399"/>
  <system-out/>
</testsuite> <!-- pomCRM.testcases.CreateContactsPageTest -->
