<?xml version="1.0" encoding="UTF-8"?>
<!-- Generated by org.testng.reporters.JUnitReportReporter -->
<testsuite hostname="Vikashs-MacBook-Air.local" failures="0" tests="2" name="pomCRM.testcases.ContactsPageTest" time="41.452" errors="0" timestamp="2021-02-04T18:26:09 IST" skipped="0">
  <testcase classname="pomCRM.testcases.ContactsPageTest" name="ConatctsPageTitleTest" time="18.595"/>
  <system-out/>
  <testcase classname="pomCRM.testcases.ContactsPageTest" name="deleteContacts" time="22.857"/>
  <system-out/>
</testsuite> <!-- pomCRM.testcases.ContactsPageTest -->
