<?xml version="1.0" encoding="UTF-8"?>
<!-- Generated by org.testng.reporters.JUnitReportReporter -->
<testsuite hostname="Vikashs-MacBook-Air.local" failures="0" tests="2" name="pomCRM.testcases.HomePageTest" time="23.572" errors="0" timestamp="2021-02-04T18:26:09 IST" skipped="0">
  <testcase classname="pomCRM.testcases.HomePageTest" name="ClickContacts" time="17.297"/>
  <system-out/>
  <testcase classname="pomCRM.testcases.HomePageTest" name="HomePageTitleTest" time="6.275"/>
  <system-out/>
</testsuite> <!-- pomCRM.testcases.HomePageTest -->
